{
  "RSpec": {
    "coverage": {
      "/home/inimesh/makers/projects/oystercard/spec/journey_spec.rb": {
        "lines": [
          1,
          1,
          null,
          1,
          4,
          6,
          1,
          null,
          null,
          1,
          1,
          1,
          null,
          null,
          null,
          1,
          1,
          1,
          null,
          null,
          null,
          null,
          1,
          1,
          1,
          1,
          null,
          null,
          null,
          1,
          1,
          1,
          null,
          1,
          null,
          null,
          null,
          1,
          1,
          1,
          1,
          null,
          1,
          null,
          null,
          null,
          null,
          1,
          1,
          1,
          1,
          1,
          null,
          1,
          null,
          null,
          null,
          1,
          1,
          1,
          null,
          1,
          null,
          1,
          1,
          null,
          1,
          null,
          null,
          null,
          null
        ]
      },
      "/home/inimesh/makers/projects/oystercard/lib/journey.rb": {
        "lines": [
          1,
          null,
          1,
          1,
          null,
          1,
          null,
          1,
          null,
          12,
          12,
          null,
          null,
          1,
          9,
          9,
          null,
          null,
          1,
          9,
          null,
          null,
          null,
          1,
          12,
          null,
          null
        ]
      },
      "/home/inimesh/makers/projects/oystercard/lib/station.rb": {
        "lines": [
          1,
          1,
          null,
          1,
          2,
          2,
          null,
          null,
          null,
          null
        ]
      },
      "/home/inimesh/makers/projects/oystercard/spec/oystercard_spec.rb": {
        "lines": [
          1,
          1,
          1,
          null,
          1,
          1,
          1,
          1,
          6,
          4,
          null,
          1,
          1,
          1,
          1,
          null,
          null,
          null,
          null,
          null,
          1,
          1,
          1,
          1,
          1,
          1,
          null,
          null,
          null,
          null,
          1,
          1,
          1,
          2,
          null,
          null,
          null,
          null,
          null,
          1,
          1,
          1,
          1,
          1,
          1,
          null,
          null,
          null,
          null,
          1,
          1,
          null,
          2,
          null,
          null,
          null,
          null,
          1,
          1,
          1,
          1,
          1,
          null,
          2,
          null,
          null,
          null,
          1,
          1,
          2,
          null,
          null,
          null,
          null,
          1,
          1,
          1,
          1,
          null,
          null,
          null,
          1,
          1,
          1,
          1,
          null,
          1,
          null,
          null,
          null,
          null,
          1,
          1,
          1,
          1,
          null,
          null,
          null,
          1,
          1,
          1,
          4,
          null,
          null,
          null,
          null,
          null
        ]
      },
      "/home/inimesh/makers/projects/oystercard/lib/oystercard.rb": {
        "lines": [
          1,
          null,
          1,
          1,
          null,
          1,
          1,
          null,
          1,
          11,
          11,
          11,
          null,
          null,
          1,
          null,
          6,
          5,
          null,
          null,
          null,
          1,
          5,
          4,
          null,
          null,
          null,
          1,
          3,
          null,
          3,
          3,
          3,
          null,
          null,
          null,
          1,
          6,
          null,
          null,
          1,
          1,
          3,
          null,
          null,
          1,
          3,
          3,
          3,
          null,
          null,
          3,
          null,
          null
        ]
      },
      "/home/inimesh/makers/projects/oystercard/spec/station_spec.rb": {
        "lines": [
          1,
          null,
          1,
          1,
          1,
          null,
          null,
          1,
          1,
          null,
          null
        ]
      }
    },
    "timestamp": 1638459856
  }
}
